{"/mnt/Local Disk/code/prisma-generator-laravel-generator-schema/packages/generator/src/helpers/genSchemaField.ts": {"path":"/mnt/Local Disk/code/prisma-generator-laravel-generator-schema/packages/generator/src/helpers/genSchemaField.ts","statementMap":{"0":{"start":{"line":2,"column":0},"end":{"line":2,"column":40}},"1":{"start":{"line":3,"column":0},"end":{"line":3,"column":46}},"2":{"start":{"line":4,"column":0},"end":{"line":4,"column":44}},"3":{"start":{"line":5,"column":0},"end":{"line":5,"column":50}},"4":{"start":{"line":6,"column":0},"end":{"line":6,"column":42}},"5":{"start":{"line":7,"column":0},"end":{"line":7,"column":38}},"6":{"start":{"line":8,"column":0},"end":{"line":8,"column":40}},"7":{"start":{"line":9,"column":0},"end":{"line":9,"column":38}},"8":{"start":{"line":10,"column":0},"end":{"line":10,"column":40}},"9":{"start":{"line":11,"column":0},"end":{"line":11,"column":46}},"10":{"start":{"line":13,"column":30},"end":{"line":24,"column":2}},"11":{"start":{"line":13,"column":54},"end":{"line":24,"column":2}},"12":{"start":{"line":13,"column":13},"end":{"line":13,"column":30}}},"fnMap":{"0":{"name":"(anonymous_0)","decl":{"start":{"line":13,"column":30},"end":{"line":13,"column":31}},"loc":{"start":{"line":13,"column":54},"end":{"line":24,"column":2}}}},"branchMap":{},"s":{"0":1,"1":1,"2":1,"3":1,"4":1,"5":1,"6":1,"7":1,"8":1,"9":1,"10":1,"11":3,"12":1},"f":{"0":3},"b":{}}
,"/mnt/Local Disk/code/prisma-generator-laravel-generator-schema/packages/generator/src/helpers/getDbType.ts": {"path":"/mnt/Local Disk/code/prisma-generator-laravel-generator-schema/packages/generator/src/helpers/getDbType.ts","statementMap":{"0":{"start":{"line":5,"column":2},"end":{"line":5,"column":53}},"1":{"start":{"line":5,"column":41},"end":{"line":5,"column":53}},"2":{"start":{"line":8,"column":2},"end":{"line":8,"column":47}},"3":{"start":{"line":8,"column":31},"end":{"line":8,"column":47}},"4":{"start":{"line":9,"column":2},"end":{"line":9,"column":51}},"5":{"start":{"line":9,"column":33},"end":{"line":9,"column":51}},"6":{"start":{"line":10,"column":2},"end":{"line":10,"column":43}},"7":{"start":{"line":10,"column":29},"end":{"line":10,"column":43}},"8":{"start":{"line":11,"column":2},"end":{"line":11,"column":46}},"9":{"start":{"line":11,"column":30},"end":{"line":11,"column":46}},"10":{"start":{"line":12,"column":2},"end":{"line":12,"column":49}},"11":{"start":{"line":12,"column":32},"end":{"line":12,"column":49}},"12":{"start":{"line":13,"column":2},"end":{"line":13,"column":45}},"13":{"start":{"line":13,"column":28},"end":{"line":13,"column":45}},"14":{"start":{"line":14,"column":2},"end":{"line":14,"column":51}},"15":{"start":{"line":14,"column":31},"end":{"line":14,"column":51}},"16":{"start":{"line":15,"column":2},"end":{"line":15,"column":45}},"17":{"start":{"line":15,"column":30},"end":{"line":15,"column":45}},"18":{"start":{"line":16,"column":2},"end":{"line":16,"column":49}},"19":{"start":{"line":16,"column":32},"end":{"line":16,"column":49}},"20":{"start":{"line":20,"column":2},"end":{"line":20,"column":18}},"21":{"start":{"line":3,"column":0},"end":{"line":3,"column":16}}},"fnMap":{"0":{"name":"getDbType","decl":{"start":{"line":3,"column":16},"end":{"line":3,"column":25}},"loc":{"start":{"line":3,"column":43},"end":{"line":21,"column":1}}}},"branchMap":{"0":{"loc":{"start":{"line":5,"column":2},"end":{"line":5,"column":53}},"type":"if","locations":[{"start":{"line":5,"column":2},"end":{"line":5,"column":53}}]},"1":{"loc":{"start":{"line":5,"column":6},"end":{"line":5,"column":39}},"type":"binary-expr","locations":[{"start":{"line":5,"column":6},"end":{"line":5,"column":25}},{"start":{"line":5,"column":29},"end":{"line":5,"column":39}}]},"2":{"loc":{"start":{"line":8,"column":2},"end":{"line":8,"column":47}},"type":"if","locations":[{"start":{"line":8,"column":2},"end":{"line":8,"column":47}}]},"3":{"loc":{"start":{"line":9,"column":2},"end":{"line":9,"column":51}},"type":"if","locations":[{"start":{"line":9,"column":2},"end":{"line":9,"column":51}}]},"4":{"loc":{"start":{"line":10,"column":2},"end":{"line":10,"column":43}},"type":"if","locations":[{"start":{"line":10,"column":2},"end":{"line":10,"column":43}}]},"5":{"loc":{"start":{"line":11,"column":2},"end":{"line":11,"column":46}},"type":"if","locations":[{"start":{"line":11,"column":2},"end":{"line":11,"column":46}}]},"6":{"loc":{"start":{"line":12,"column":2},"end":{"line":12,"column":49}},"type":"if","locations":[{"start":{"line":12,"column":2},"end":{"line":12,"column":49}}]},"7":{"loc":{"start":{"line":13,"column":2},"end":{"line":13,"column":45}},"type":"if","locations":[{"start":{"line":13,"column":2},"end":{"line":13,"column":45}}]},"8":{"loc":{"start":{"line":14,"column":2},"end":{"line":14,"column":51}},"type":"if","locations":[{"start":{"line":14,"column":2},"end":{"line":14,"column":51}}]},"9":{"loc":{"start":{"line":15,"column":2},"end":{"line":15,"column":45}},"type":"if","locations":[{"start":{"line":15,"column":2},"end":{"line":15,"column":45}}]},"10":{"loc":{"start":{"line":16,"column":2},"end":{"line":16,"column":49}},"type":"if","locations":[{"start":{"line":16,"column":2},"end":{"line":16,"column":49}}]}},"s":{"0":6,"1":2,"2":4,"3":4,"4":0,"5":0,"6":0,"7":0,"8":0,"9":0,"10":0,"11":0,"12":0,"13":0,"14":0,"15":0,"16":0,"17":0,"18":0,"19":0,"20":0,"21":2},"f":{"0":6},"b":{"0":[2],"1":[6,4],"2":[4],"3":[0],"4":[0],"5":[0],"6":[0],"7":[0],"8":[0],"9":[0],"10":[0]}}
,"/mnt/Local Disk/code/prisma-generator-laravel-generator-schema/packages/generator/src/helpers/getDocumentationRules.ts": {"path":"/mnt/Local Disk/code/prisma-generator-laravel-generator-schema/packages/generator/src/helpers/getDocumentationRules.ts","statementMap":{"0":{"start":{"line":4,"column":23},"end":{"line":4,"column":56}},"1":{"start":{"line":5,"column":2},"end":{"line":5,"column":null}},"2":{"start":{"line":5,"column":52},"end":{"line":5,"column":75}},"3":{"start":{"line":9,"column":41},"end":{"line":9,"column":43}},"4":{"start":{"line":10,"column":21},"end":{"line":10,"column":52}},"5":{"start":{"line":11,"column":17},"end":{"line":11,"column":22}},"6":{"start":{"line":13,"column":2},"end":{"line":22,"column":null}},"7":{"start":{"line":14,"column":4},"end":{"line":18,"column":null}},"8":{"start":{"line":15,"column":6},"end":{"line":15,"column":53}},"9":{"start":{"line":16,"column":6},"end":{"line":16,"column":22}},"10":{"start":{"line":17,"column":6},"end":{"line":17,"column":12}},"11":{"start":{"line":20,"column":4},"end":{"line":21,"column":null}},"12":{"start":{"line":21,"column":6},"end":{"line":21,"column":null}},"13":{"start":{"line":24,"column":2},"end":{"line":32,"column":null}},"14":{"start":{"line":27,"column":6},"end":{"line":27,"column":42}},"15":{"start":{"line":28,"column":21},"end":{"line":28,"column":34}},"16":{"start":{"line":29,"column":6},"end":{"line":29,"column":null}},"17":{"start":{"line":30,"column":6},"end":{"line":30,"column":20}},"18":{"start":{"line":8,"column":0},"end":{"line":8,"column":16}}},"fnMap":{"0":{"name":"splitRules","decl":{"start":{"line":3,"column":9},"end":{"line":3,"column":19}},"loc":{"start":{"line":3,"column":33},"end":{"line":6,"column":1}}},"1":{"name":"(anonymous_1)","decl":{"start":{"line":5,"column":37},"end":{"line":5,"column":48}},"loc":{"start":{"line":5,"column":52},"end":{"line":5,"column":75}}},"2":{"name":"getDocumentationRules","decl":{"start":{"line":8,"column":16},"end":{"line":8,"column":37}},"loc":{"start":{"line":8,"column":71},"end":{"line":33,"column":1}}},"3":{"name":"(anonymous_3)","decl":{"start":{"line":26,"column":27},"end":{"line":26,"column":28}},"loc":{"start":{"line":26,"column":49},"end":{"line":31,"column":5}}}},"branchMap":{"0":{"loc":{"start":{"line":10,"column":21},"end":{"line":10,"column":52}},"type":"cond-expr","locations":[{"start":{"line":10,"column":46},"end":{"line":10,"column":50}},{"start":{"line":10,"column":50},"end":{"line":10,"column":52}}]},"1":{"loc":{"start":{"line":10,"column":21},"end":{"line":10,"column":50}},"type":"binary-expr","locations":[{"start":{"line":10,"column":21},"end":{"line":10,"column":50}},{"start":{"line":10,"column":46},"end":{"line":10,"column":50}}]},"2":{"loc":{"start":{"line":10,"column":21},"end":{"line":10,"column":46}},"type":"cond-expr","locations":[{"start":{"line":10,"column":34},"end":{"line":10,"column":36}},{"start":{"line":10,"column":21},"end":{"line":10,"column":46}}]},"3":{"loc":{"start":{"line":10,"column":21},"end":{"line":10,"column":36}},"type":"binary-expr","locations":[{"start":{"line":10,"column":21},"end":{"line":10,"column":36}},{"start":{"line":10,"column":21},"end":{"line":10,"column":36}}]},"4":{"loc":{"start":{"line":14,"column":4},"end":{"line":18,"column":null}},"type":"if","locations":[{"start":{"line":14,"column":4},"end":{"line":18,"column":null}}]},"5":{"loc":{"start":{"line":20,"column":4},"end":{"line":21,"column":null}},"type":"if","locations":[{"start":{"line":20,"column":4},"end":{"line":21,"column":null}}]}},"s":{"0":0,"1":0,"2":0,"3":6,"4":6,"5":6,"6":6,"7":0,"8":0,"9":0,"10":0,"11":0,"12":0,"13":6,"14":0,"15":0,"16":0,"17":0,"18":2},"f":{"0":0,"1":0,"2":6,"3":0},"b":{"0":[0,6],"1":[6,6],"2":[6,0],"3":[6,6],"4":[0],"5":[0]}}
,"/mnt/Local Disk/code/prisma-generator-laravel-generator-schema/packages/generator/src/helpers/getFieldName.ts": {"path":"/mnt/Local Disk/code/prisma-generator-laravel-generator-schema/packages/generator/src/helpers/getFieldName.ts","statementMap":{"0":{"start":{"line":4,"column":2},"end":{"line":4,"column":null}},"1":{"start":{"line":3,"column":0},"end":{"line":3,"column":16}}},"fnMap":{"0":{"name":"getFieldName","decl":{"start":{"line":3,"column":16},"end":{"line":3,"column":28}},"loc":{"start":{"line":3,"column":46},"end":{"line":5,"column":1}}}},"branchMap":{},"s":{"0":6,"1":2},"f":{"0":6},"b":{}}
,"/mnt/Local Disk/code/prisma-generator-laravel-generator-schema/packages/generator/src/helpers/getHtmlType.ts": {"path":"/mnt/Local Disk/code/prisma-generator-laravel-generator-schema/packages/generator/src/helpers/getHtmlType.ts","statementMap":{"0":{"start":{"line":5,"column":2},"end":{"line":5,"column":45}},"1":{"start":{"line":5,"column":30},"end":{"line":5,"column":45}},"2":{"start":{"line":6,"column":2},"end":{"line":6,"column":51}},"3":{"start":{"line":6,"column":33},"end":{"line":6,"column":51}},"4":{"start":{"line":9,"column":2},"end":{"line":9,"column":45}},"5":{"start":{"line":9,"column":31},"end":{"line":9,"column":45}},"6":{"start":{"line":10,"column":2},"end":{"line":10,"column":47}},"7":{"start":{"line":10,"column":33},"end":{"line":10,"column":47}},"8":{"start":{"line":11,"column":2},"end":{"line":11,"column":47}},"9":{"start":{"line":11,"column":29},"end":{"line":11,"column":47}},"10":{"start":{"line":12,"column":2},"end":{"line":12,"column":44}},"11":{"start":{"line":12,"column":30},"end":{"line":12,"column":44}},"12":{"start":{"line":13,"column":2},"end":{"line":13,"column":50}},"13":{"start":{"line":13,"column":32},"end":{"line":13,"column":50}},"14":{"start":{"line":14,"column":2},"end":{"line":19,"column":20}},"15":{"start":{"line":19,"column":4},"end":{"line":19,"column":20}},"16":{"start":{"line":23,"column":2},"end":{"line":23,"column":16}},"17":{"start":{"line":3,"column":0},"end":{"line":3,"column":16}}},"fnMap":{"0":{"name":"getHtmlType","decl":{"start":{"line":3,"column":16},"end":{"line":3,"column":27}},"loc":{"start":{"line":3,"column":45},"end":{"line":24,"column":1}}}},"branchMap":{"0":{"loc":{"start":{"line":5,"column":2},"end":{"line":5,"column":45}},"type":"if","locations":[{"start":{"line":5,"column":2},"end":{"line":5,"column":45}}]},"1":{"loc":{"start":{"line":6,"column":2},"end":{"line":6,"column":51}},"type":"if","locations":[{"start":{"line":6,"column":2},"end":{"line":6,"column":51}}]},"2":{"loc":{"start":{"line":9,"column":2},"end":{"line":9,"column":45}},"type":"if","locations":[{"start":{"line":9,"column":2},"end":{"line":9,"column":45}}]},"3":{"loc":{"start":{"line":10,"column":2},"end":{"line":10,"column":47}},"type":"if","locations":[{"start":{"line":10,"column":2},"end":{"line":10,"column":47}}]},"4":{"loc":{"start":{"line":11,"column":2},"end":{"line":11,"column":47}},"type":"if","locations":[{"start":{"line":11,"column":2},"end":{"line":11,"column":47}}]},"5":{"loc":{"start":{"line":12,"column":2},"end":{"line":12,"column":44}},"type":"if","locations":[{"start":{"line":12,"column":2},"end":{"line":12,"column":44}}]},"6":{"loc":{"start":{"line":13,"column":2},"end":{"line":13,"column":50}},"type":"if","locations":[{"start":{"line":13,"column":2},"end":{"line":13,"column":50}}]},"7":{"loc":{"start":{"line":14,"column":2},"end":{"line":19,"column":20}},"type":"if","locations":[{"start":{"line":14,"column":2},"end":{"line":19,"column":20}}]},"8":{"loc":{"start":{"line":15,"column":4},"end":{"line":18,"column":28}},"type":"binary-expr","locations":[{"start":{"line":15,"column":4},"end":{"line":15,"column":24}},{"start":{"line":16,"column":4},"end":{"line":16,"column":27}},{"start":{"line":17,"column":4},"end":{"line":17,"column":26}},{"start":{"line":18,"column":4},"end":{"line":18,"column":28}}]}},"s":{"0":6,"1":2,"2":4,"3":0,"4":4,"5":2,"6":2,"7":0,"8":2,"9":0,"10":2,"11":0,"12":2,"13":0,"14":2,"15":2,"16":0,"17":2},"f":{"0":6},"b":{"0":[2],"1":[0],"2":[2],"3":[0],"4":[0],"5":[0],"6":[0],"7":[2],"8":[2,0,0,0]}}
,"/mnt/Local Disk/code/prisma-generator-laravel-generator-schema/packages/generator/src/helpers/getValidations.ts": {"path":"/mnt/Local Disk/code/prisma-generator-laravel-generator-schema/packages/generator/src/helpers/getValidations.ts","statementMap":{"0":{"start":{"line":3,"column":0},"end":{"line":3,"column":64}},"1":{"start":{"line":10,"column":15},"end":{"line":10,"column":18}},"2":{"start":{"line":11,"column":2},"end":{"line":11,"column":null}},"3":{"start":{"line":11,"column":16},"end":{"line":11,"column":null}},"4":{"start":{"line":12,"column":2},"end":{"line":12,"column":16}},"5":{"start":{"line":16,"column":21},"end":{"line":16,"column":23}},"6":{"start":{"line":18,"column":42},"end":{"line":18,"column":84}},"7":{"start":{"line":20,"column":2},"end":{"line":20,"column":null}},"8":{"start":{"line":20,"column":16},"end":{"line":20,"column":null}},"9":{"start":{"line":22,"column":2},"end":{"line":22,"column":47}},"10":{"start":{"line":22,"column":24},"end":{"line":22,"column":47}},"11":{"start":{"line":24,"column":2},"end":{"line":24,"column":null}},"12":{"start":{"line":24,"column":31},"end":{"line":24,"column":null}},"13":{"start":{"line":26,"column":2},"end":{"line":26,"column":null}},"14":{"start":{"line":26,"column":55},"end":{"line":26,"column":null}},"15":{"start":{"line":28,"column":2},"end":{"line":28,"column":null}},"16":{"start":{"line":28,"column":58},"end":{"line":28,"column":null}},"17":{"start":{"line":30,"column":2},"end":{"line":30,"column":null}},"18":{"start":{"line":30,"column":32},"end":{"line":30,"column":null}},"19":{"start":{"line":32,"column":2},"end":{"line":32,"column":null}},"20":{"start":{"line":32,"column":30},"end":{"line":32,"column":null}},"21":{"start":{"line":34,"column":2},"end":{"line":34,"column":null}},"22":{"start":{"line":34,"column":33},"end":{"line":34,"column":null}},"23":{"start":{"line":38,"column":2},"end":{"line":42,"column":6}},"24":{"start":{"line":39,"column":4},"end":{"line":42,"column":6}},"25":{"start":{"line":44,"column":2},"end":{"line":44,"column":null}},"26":{"start":{"line":15,"column":0},"end":{"line":15,"column":16}}},"fnMap":{"0":{"name":"stringifyRule","decl":{"start":{"line":9,"column":9},"end":{"line":9,"column":22}},"loc":{"start":{"line":9,"column":60},"end":{"line":13,"column":1}}},"1":{"name":"getValidations","decl":{"start":{"line":15,"column":16},"end":{"line":15,"column":30}},"loc":{"start":{"line":15,"column":48},"end":{"line":45,"column":1}}}},"branchMap":{"0":{"loc":{"start":{"line":11,"column":2},"end":{"line":11,"column":null}},"type":"if","locations":[{"start":{"line":11,"column":2},"end":{"line":11,"column":null}}]},"1":{"loc":{"start":{"line":20,"column":2},"end":{"line":20,"column":null}},"type":"if","locations":[{"start":{"line":20,"column":2},"end":{"line":20,"column":null}}]},"2":{"loc":{"start":{"line":22,"column":2},"end":{"line":22,"column":47}},"type":"if","locations":[{"start":{"line":22,"column":2},"end":{"line":22,"column":47}}]},"3":{"loc":{"start":{"line":24,"column":2},"end":{"line":24,"column":null}},"type":"if","locations":[{"start":{"line":24,"column":2},"end":{"line":24,"column":null}}]},"4":{"loc":{"start":{"line":26,"column":2},"end":{"line":26,"column":null}},"type":"if","locations":[{"start":{"line":26,"column":2},"end":{"line":26,"column":null}}]},"5":{"loc":{"start":{"line":26,"column":6},"end":{"line":26,"column":53}},"type":"binary-expr","locations":[{"start":{"line":26,"column":6},"end":{"line":26,"column":26}},{"start":{"line":26,"column":30},"end":{"line":26,"column":53}}]},"6":{"loc":{"start":{"line":28,"column":2},"end":{"line":28,"column":null}},"type":"if","locations":[{"start":{"line":28,"column":2},"end":{"line":28,"column":null}}]},"7":{"loc":{"start":{"line":28,"column":6},"end":{"line":28,"column":56}},"type":"binary-expr","locations":[{"start":{"line":28,"column":6},"end":{"line":28,"column":28}},{"start":{"line":28,"column":32},"end":{"line":28,"column":56}}]},"8":{"loc":{"start":{"line":30,"column":2},"end":{"line":30,"column":null}},"type":"if","locations":[{"start":{"line":30,"column":2},"end":{"line":30,"column":null}}]},"9":{"loc":{"start":{"line":32,"column":2},"end":{"line":32,"column":null}},"type":"if","locations":[{"start":{"line":32,"column":2},"end":{"line":32,"column":null}}]},"10":{"loc":{"start":{"line":34,"column":2},"end":{"line":34,"column":null}},"type":"if","locations":[{"start":{"line":34,"column":2},"end":{"line":34,"column":null}}]},"11":{"loc":{"start":{"line":38,"column":2},"end":{"line":42,"column":6}},"type":"if","locations":[{"start":{"line":38,"column":2},"end":{"line":42,"column":6}}]}},"s":{"0":2,"1":12,"2":12,"3":0,"4":12,"5":6,"6":6,"7":6,"8":0,"9":6,"10":4,"11":6,"12":4,"13":6,"14":2,"15":6,"16":0,"17":6,"18":0,"19":6,"20":2,"21":6,"22":0,"23":6,"24":0,"25":6,"26":2},"f":{"0":12,"1":6},"b":{"0":[0],"1":[0],"2":[4],"3":[4],"4":[2],"5":[6,4],"6":[0],"7":[6,6],"8":[0],"9":[2],"10":[0],"11":[0]}}
,"/mnt/Local Disk/code/prisma-generator-laravel-generator-schema/packages/generator/src/helpers/isFillable.ts": {"path":"/mnt/Local Disk/code/prisma-generator-laravel-generator-schema/packages/generator/src/helpers/isFillable.ts","statementMap":{"0":{"start":{"line":4,"column":2},"end":{"line":4,"column":14}},"1":{"start":{"line":3,"column":0},"end":{"line":3,"column":16}}},"fnMap":{"0":{"name":"isFillable","decl":{"start":{"line":3,"column":16},"end":{"line":3,"column":26}},"loc":{"start":{"line":3,"column":44},"end":{"line":5,"column":1}}}},"branchMap":{},"s":{"0":3,"1":1},"f":{"0":3},"b":{}}
,"/mnt/Local Disk/code/prisma-generator-laravel-generator-schema/packages/generator/src/helpers/isInForm.ts": {"path":"/mnt/Local Disk/code/prisma-generator-laravel-generator-schema/packages/generator/src/helpers/isInForm.ts","statementMap":{"0":{"start":{"line":4,"column":2},"end":{"line":4,"column":40}},"1":{"start":{"line":4,"column":27},"end":{"line":4,"column":40}},"2":{"start":{"line":6,"column":2},"end":{"line":6,"column":14}},"3":{"start":{"line":3,"column":0},"end":{"line":3,"column":16}}},"fnMap":{"0":{"name":"isInForm","decl":{"start":{"line":3,"column":16},"end":{"line":3,"column":24}},"loc":{"start":{"line":3,"column":42},"end":{"line":7,"column":1}}}},"branchMap":{"0":{"loc":{"start":{"line":4,"column":2},"end":{"line":4,"column":40}},"type":"if","locations":[{"start":{"line":4,"column":2},"end":{"line":4,"column":40}}]}},"s":{"0":6,"1":2,"2":4,"3":2},"f":{"0":6},"b":{"0":[2]}}
,"/mnt/Local Disk/code/prisma-generator-laravel-generator-schema/packages/generator/src/helpers/isInIndex.ts": {"path":"/mnt/Local Disk/code/prisma-generator-laravel-generator-schema/packages/generator/src/helpers/isInIndex.ts","statementMap":{"0":{"start":{"line":4,"column":2},"end":{"line":9,"column":17}},"1":{"start":{"line":9,"column":4},"end":{"line":9,"column":17}},"2":{"start":{"line":11,"column":2},"end":{"line":11,"column":14}},"3":{"start":{"line":3,"column":0},"end":{"line":3,"column":16}}},"fnMap":{"0":{"name":"isInIndex","decl":{"start":{"line":3,"column":16},"end":{"line":3,"column":25}},"loc":{"start":{"line":3,"column":43},"end":{"line":12,"column":1}}}},"branchMap":{"0":{"loc":{"start":{"line":4,"column":2},"end":{"line":9,"column":17}},"type":"if","locations":[{"start":{"line":4,"column":2},"end":{"line":9,"column":17}}]},"1":{"loc":{"start":{"line":5,"column":4},"end":{"line":8,"column":32}},"type":"binary-expr","locations":[{"start":{"line":5,"column":4},"end":{"line":5,"column":25}},{"start":{"line":6,"column":4},"end":{"line":6,"column":28}},{"start":{"line":7,"column":4},"end":{"line":7,"column":28}},{"start":{"line":8,"column":4},"end":{"line":8,"column":32}}]}},"s":{"0":6,"1":0,"2":6,"3":2},"f":{"0":6},"b":{"0":[0],"1":[6,6,6,6]}}
,"/mnt/Local Disk/code/prisma-generator-laravel-generator-schema/packages/generator/src/helpers/isInView.ts": {"path":"/mnt/Local Disk/code/prisma-generator-laravel-generator-schema/packages/generator/src/helpers/isInView.ts","statementMap":{"0":{"start":{"line":4,"column":2},"end":{"line":4,"column":40}},"1":{"start":{"line":4,"column":27},"end":{"line":4,"column":40}},"2":{"start":{"line":6,"column":2},"end":{"line":6,"column":14}},"3":{"start":{"line":3,"column":0},"end":{"line":3,"column":16}}},"fnMap":{"0":{"name":"isInView","decl":{"start":{"line":3,"column":16},"end":{"line":3,"column":24}},"loc":{"start":{"line":3,"column":42},"end":{"line":7,"column":1}}}},"branchMap":{"0":{"loc":{"start":{"line":4,"column":2},"end":{"line":4,"column":40}},"type":"if","locations":[{"start":{"line":4,"column":2},"end":{"line":4,"column":40}}]}},"s":{"0":6,"1":2,"2":4,"3":2},"f":{"0":6},"b":{"0":[2]}}
,"/mnt/Local Disk/code/prisma-generator-laravel-generator-schema/packages/generator/src/helpers/isPrimary.ts": {"path":"/mnt/Local Disk/code/prisma-generator-laravel-generator-schema/packages/generator/src/helpers/isPrimary.ts","statementMap":{"0":{"start":{"line":4,"column":2},"end":{"line":4,"column":20}},"1":{"start":{"line":3,"column":0},"end":{"line":3,"column":16}}},"fnMap":{"0":{"name":"isPrimary","decl":{"start":{"line":3,"column":16},"end":{"line":3,"column":25}},"loc":{"start":{"line":3,"column":43},"end":{"line":5,"column":1}}}},"branchMap":{},"s":{"0":3,"1":1},"f":{"0":3},"b":{}}
,"/mnt/Local Disk/code/prisma-generator-laravel-generator-schema/packages/generator/src/helpers/isSearchable.ts": {"path":"/mnt/Local Disk/code/prisma-generator-laravel-generator-schema/packages/generator/src/helpers/isSearchable.ts","statementMap":{"0":{"start":{"line":4,"column":2},"end":{"line":9,"column":16}},"1":{"start":{"line":9,"column":4},"end":{"line":9,"column":16}},"2":{"start":{"line":11,"column":2},"end":{"line":11,"column":15}},"3":{"start":{"line":3,"column":0},"end":{"line":3,"column":16}}},"fnMap":{"0":{"name":"isSearchable","decl":{"start":{"line":3,"column":16},"end":{"line":3,"column":28}},"loc":{"start":{"line":3,"column":46},"end":{"line":12,"column":1}}}},"branchMap":{"0":{"loc":{"start":{"line":4,"column":2},"end":{"line":9,"column":16}},"type":"if","locations":[{"start":{"line":4,"column":2},"end":{"line":9,"column":16}}]},"1":{"loc":{"start":{"line":5,"column":4},"end":{"line":8,"column":25}},"type":"binary-expr","locations":[{"start":{"line":5,"column":4},"end":{"line":5,"column":25}},{"start":{"line":6,"column":4},"end":{"line":6,"column":26}},{"start":{"line":7,"column":4},"end":{"line":7,"column":26}},{"start":{"line":8,"column":4},"end":{"line":8,"column":25}}]}},"s":{"0":6,"1":4,"2":2,"3":2},"f":{"0":6},"b":{"0":[4],"1":[6,4,4,2]}}
}
