TN:
SF:src/helpers/genSchemaField.ts
FN:13,(anonymous_0)
FNF:1
FNH:1
FNDA:3,(anonymous_0)
DA:2,1
DA:3,1
DA:4,1
DA:5,1
DA:6,1
DA:7,1
DA:8,1
DA:9,1
DA:10,1
DA:11,1
DA:13,3
LF:11
LH:11
BRF:0
BRH:0
end_of_record
TN:
SF:src/helpers/getDbType.ts
FN:3,getDbType
FNF:1
FNH:1
FNDA:6,getDbType
DA:3,2
DA:5,6
DA:8,4
DA:9,0
DA:10,0
DA:11,0
DA:12,0
DA:13,0
DA:14,0
DA:15,0
DA:16,0
DA:20,0
LF:12
LH:3
BRDA:5,0,0,2
BRDA:5,1,0,6
BRDA:5,1,1,4
BRDA:8,2,0,4
BRDA:9,3,0,0
BRDA:10,4,0,0
BRDA:11,5,0,0
BRDA:12,6,0,0
BRDA:13,7,0,0
BRDA:14,8,0,0
BRDA:15,9,0,0
BRDA:16,10,0,0
BRF:12
BRH:4
end_of_record
TN:
SF:src/helpers/getDocumentationRules.ts
FN:3,splitRules
FN:5,(anonymous_1)
FN:8,getDocumentationRules
FN:26,(anonymous_3)
FNF:4
FNH:1
FNDA:0,splitRules
FNDA:0,(anonymous_1)
FNDA:6,getDocumentationRules
FNDA:0,(anonymous_3)
DA:4,0
DA:5,0
DA:8,2
DA:9,6
DA:10,6
DA:11,6
DA:13,6
DA:14,0
DA:15,0
DA:16,0
DA:17,0
DA:20,0
DA:21,0
DA:24,6
DA:27,0
DA:28,0
DA:29,0
DA:30,0
LF:18
LH:6
BRDA:10,0,0,0
BRDA:10,0,1,6
BRDA:10,1,0,6
BRDA:10,1,1,6
BRDA:10,2,0,6
BRDA:10,2,1,0
BRDA:10,3,0,6
BRDA:10,3,1,6
BRDA:14,4,0,0
BRDA:20,5,0,0
BRF:10
BRH:6
end_of_record
TN:
SF:src/helpers/getFieldName.ts
FN:3,getFieldName
FNF:1
FNH:1
FNDA:6,getFieldName
DA:3,2
DA:4,6
LF:2
LH:2
BRF:0
BRH:0
end_of_record
TN:
SF:src/helpers/getHtmlType.ts
FN:3,getHtmlType
FNF:1
FNH:1
FNDA:6,getHtmlType
DA:3,2
DA:5,6
DA:6,4
DA:9,4
DA:10,2
DA:11,2
DA:12,2
DA:13,2
DA:14,2
DA:19,2
DA:23,0
LF:11
LH:10
BRDA:5,0,0,2
BRDA:6,1,0,0
BRDA:9,2,0,2
BRDA:10,3,0,0
BRDA:11,4,0,0
BRDA:12,5,0,0
BRDA:13,6,0,0
BRDA:14,7,0,2
BRDA:15,8,0,2
BRDA:15,8,1,0
BRDA:15,8,2,0
BRDA:15,8,3,0
BRF:12
BRH:4
end_of_record
TN:
SF:src/helpers/getValidations.ts
FN:9,stringifyRule
FN:15,getValidations
FNF:2
FNH:2
FNDA:12,stringifyRule
FNDA:6,getValidations
DA:3,2
DA:10,12
DA:11,12
DA:12,12
DA:15,2
DA:16,6
DA:18,6
DA:20,6
DA:22,6
DA:24,6
DA:26,6
DA:28,6
DA:30,6
DA:32,6
DA:34,6
DA:38,6
DA:39,0
DA:44,6
LF:18
LH:17
BRDA:11,0,0,0
BRDA:20,1,0,0
BRDA:22,2,0,4
BRDA:24,3,0,4
BRDA:26,4,0,2
BRDA:26,5,0,6
BRDA:26,5,1,4
BRDA:28,6,0,0
BRDA:28,7,0,6
BRDA:28,7,1,6
BRDA:30,8,0,0
BRDA:32,9,0,2
BRDA:34,10,0,0
BRDA:38,11,0,0
BRF:14
BRH:8
end_of_record
TN:
SF:src/helpers/isFillable.ts
FN:3,isFillable
FNF:1
FNH:1
FNDA:3,isFillable
DA:3,1
DA:4,3
LF:2
LH:2
BRF:0
BRH:0
end_of_record
TN:
SF:src/helpers/isInForm.ts
FN:3,isInForm
FNF:1
FNH:1
FNDA:6,isInForm
DA:3,2
DA:4,6
DA:6,4
LF:3
LH:3
BRDA:4,0,0,2
BRF:1
BRH:1
end_of_record
TN:
SF:src/helpers/isInIndex.ts
FN:3,isInIndex
FNF:1
FNH:1
FNDA:6,isInIndex
DA:3,2
DA:4,6
DA:9,0
DA:11,6
LF:4
LH:3
BRDA:4,0,0,0
BRDA:5,1,0,6
BRDA:5,1,1,6
BRDA:5,1,2,6
BRDA:5,1,3,6
BRF:5
BRH:4
end_of_record
TN:
SF:src/helpers/isInView.ts
FN:3,isInView
FNF:1
FNH:1
FNDA:6,isInView
DA:3,2
DA:4,6
DA:6,4
LF:3
LH:3
BRDA:4,0,0,2
BRF:1
BRH:1
end_of_record
TN:
SF:src/helpers/isPrimary.ts
FN:3,isPrimary
FNF:1
FNH:1
FNDA:3,isPrimary
DA:3,1
DA:4,3
LF:2
LH:2
BRF:0
BRH:0
end_of_record
TN:
SF:src/helpers/isSearchable.ts
FN:3,isSearchable
FNF:1
FNH:1
FNDA:6,isSearchable
DA:3,2
DA:4,6
DA:9,4
DA:11,2
LF:4
LH:4
BRDA:4,0,0,4
BRDA:5,1,0,6
BRDA:5,1,1,4
BRDA:5,1,2,4
BRDA:5,1,3,2
BRF:5
BRH:5
end_of_record
